d:\代码\数据结构\avl树\avl树\debug\vc120.pdb
d:\代码\数据结构\avl树\avl树\debug\vc120.idb
e:\浏览器\internet 临时文件\ie\daq5itma\300[1]
d:\代码\数据结构\avl树\avl树\debug\avl数.nativecodeanalysis.xml
e:\浏览器\internet 临时文件\ie\bi6y6l3m\213[1]
d:\代码\数据结构\avl树\avl树\debug\rbtree.nativecodeanalysis.xml
d:\代码\数据结构\avl树\avl树\debug\rbtree.obj
d:\代码\数据结构\avl树\avl树\debug\avl数.obj
d:\代码\数据结构\avl树\debug\avl树.ilk
d:\代码\数据结构\avl树\debug\avl树.exe
d:\代码\数据结构\avl树\debug\avl树.pdb
d:\代码\数据结构\avl树\avl树\debug\nativecodeanalysis.read.1.tlog
d:\代码\数据结构\avl树\avl树\debug\vc.nativecodeanalysis.all.xml
d:\代码\数据结构\avl树\debug\avl树.exe.lastcodeanalysissucceeded
d:\代码\数据结构\avl树\avl树\debug\avl树.tlog\cl.command.1.tlog
d:\代码\数据结构\avl树\avl树\debug\avl树.tlog\cl.read.1.tlog
d:\代码\数据结构\avl树\avl树\debug\avl树.tlog\cl.write.1.tlog
d:\代码\数据结构\avl树\avl树\debug\avl树.tlog\link.command.1.tlog
d:\代码\数据结构\avl树\avl树\debug\avl树.tlog\link.read.1.tlog
d:\代码\数据结构\avl树\avl树\debug\avl树.tlog\link.write.1.tlog
